Determining if the function sgemm_ exists failed with the following output:
Change Dir: /work/06081/wlruys/frontera/scikit-build-sample-projects/projects/pyrknn/src/pyrknn/kernels/cpu/impl/sparse/build/CMakeFiles/CMakeTmp

Run Build Command(s):/bin/gmake cmTC_89fda/fast && /bin/gmake  -f CMakeFiles/cmTC_89fda.dir/build.make CMakeFiles/cmTC_89fda.dir/build
gmake[1]: Entering directory `/work2/06081/wlruys/frontera/scikit-build-sample-projects/projects/pyrknn/src/pyrknn/kernels/cpu/impl/sparse/build/CMakeFiles/CMakeTmp'
Building C object CMakeFiles/cmTC_89fda.dir/CheckFunctionExists.c.o
/opt/intel/compilers_and_libraries_2020.1.217/linux/bin/intel64/icc   -DCHECK_FUNCTION_EXISTS=sgemm_ -o CMakeFiles/cmTC_89fda.dir/CheckFunctionExists.c.o -c /scratch1/06081/wlruys/miniconda3/share/cmake-3.19/Modules/CheckFunctionExists.c
Linking C executable cmTC_89fda
/scratch1/06081/wlruys/miniconda3/bin/cmake -E cmake_link_script CMakeFiles/cmTC_89fda.dir/link.txt --verbose=1
/opt/intel/compilers_and_libraries_2020.1.217/linux/bin/intel64/icc  -DCHECK_FUNCTION_EXISTS=sgemm_ -rdynamic CMakeFiles/cmTC_89fda.dir/CheckFunctionExists.c.o -o cmTC_89fda 
/opt/apps/gcc/8.3.0/bin/ld: CMakeFiles/cmTC_89fda.dir/CheckFunctionExists.c.o: in function `main':
CheckFunctionExists.c:(.text+0x30): undefined reference to `sgemm_'
gmake[1]: *** [cmTC_89fda] Error 1
gmake[1]: Leaving directory `/work2/06081/wlruys/frontera/scikit-build-sample-projects/projects/pyrknn/src/pyrknn/kernels/cpu/impl/sparse/build/CMakeFiles/CMakeTmp'
gmake: *** [cmTC_89fda/fast] Error 2



Performing C SOURCE FILE Test CMAKE_HAVE_LIBC_PTHREAD failed with the following output:
Change Dir: /work/06081/wlruys/frontera/scikit-build-sample-projects/projects/pyrknn/src/pyrknn/kernels/cpu/impl/sparse/build/CMakeFiles/CMakeTmp

Run Build Command(s):/bin/gmake cmTC_ea04d/fast && /bin/gmake  -f CMakeFiles/cmTC_ea04d.dir/build.make CMakeFiles/cmTC_ea04d.dir/build
gmake[1]: Entering directory `/work2/06081/wlruys/frontera/scikit-build-sample-projects/projects/pyrknn/src/pyrknn/kernels/cpu/impl/sparse/build/CMakeFiles/CMakeTmp'
Building C object CMakeFiles/cmTC_ea04d.dir/src.c.o
/opt/intel/compilers_and_libraries_2020.1.217/linux/bin/intel64/icc -DCMAKE_HAVE_LIBC_PTHREAD   -o CMakeFiles/cmTC_ea04d.dir/src.c.o -c /work/06081/wlruys/frontera/scikit-build-sample-projects/projects/pyrknn/src/pyrknn/kernels/cpu/impl/sparse/build/CMakeFiles/CMakeTmp/src.c
Linking C executable cmTC_ea04d
/scratch1/06081/wlruys/miniconda3/bin/cmake -E cmake_link_script CMakeFiles/cmTC_ea04d.dir/link.txt --verbose=1
/opt/intel/compilers_and_libraries_2020.1.217/linux/bin/intel64/icc -rdynamic CMakeFiles/cmTC_ea04d.dir/src.c.o -o cmTC_ea04d 
/opt/apps/gcc/8.3.0/bin/ld: CMakeFiles/cmTC_ea04d.dir/src.c.o: in function `main':
src.c:(.text+0x39): undefined reference to `pthread_create'
/opt/apps/gcc/8.3.0/bin/ld: src.c:(.text+0x42): undefined reference to `pthread_detach'
/opt/apps/gcc/8.3.0/bin/ld: src.c:(.text+0x4b): undefined reference to `pthread_cancel'
/opt/apps/gcc/8.3.0/bin/ld: src.c:(.text+0x56): undefined reference to `pthread_join'
/opt/apps/gcc/8.3.0/bin/ld: src.c:(.text+0x61): undefined reference to `pthread_atfork'
gmake[1]: *** [cmTC_ea04d] Error 1
gmake[1]: Leaving directory `/work2/06081/wlruys/frontera/scikit-build-sample-projects/projects/pyrknn/src/pyrknn/kernels/cpu/impl/sparse/build/CMakeFiles/CMakeTmp'
gmake: *** [cmTC_ea04d/fast] Error 2


Source file was:
#include <pthread.h>

static void* test_func(void* data)
{
  return data;
}

int main(void)
{
  pthread_t thread;
  pthread_create(&thread, NULL, test_func, NULL);
  pthread_detach(thread);
  pthread_cancel(thread);
  pthread_join(thread, NULL);
  pthread_atfork(NULL, NULL, NULL);
  pthread_exit(NULL);

  return 0;
}

Determining if the function pthread_create exists in the pthreads failed with the following output:
Change Dir: /work/06081/wlruys/frontera/scikit-build-sample-projects/projects/pyrknn/src/pyrknn/kernels/cpu/impl/sparse/build/CMakeFiles/CMakeTmp

Run Build Command(s):/bin/gmake cmTC_11a03/fast && /bin/gmake  -f CMakeFiles/cmTC_11a03.dir/build.make CMakeFiles/cmTC_11a03.dir/build
gmake[1]: Entering directory `/work2/06081/wlruys/frontera/scikit-build-sample-projects/projects/pyrknn/src/pyrknn/kernels/cpu/impl/sparse/build/CMakeFiles/CMakeTmp'
Building C object CMakeFiles/cmTC_11a03.dir/CheckFunctionExists.c.o
/opt/intel/compilers_and_libraries_2020.1.217/linux/bin/intel64/icc   -DCHECK_FUNCTION_EXISTS=pthread_create -o CMakeFiles/cmTC_11a03.dir/CheckFunctionExists.c.o -c /scratch1/06081/wlruys/miniconda3/share/cmake-3.19/Modules/CheckFunctionExists.c
Linking C executable cmTC_11a03
/scratch1/06081/wlruys/miniconda3/bin/cmake -E cmake_link_script CMakeFiles/cmTC_11a03.dir/link.txt --verbose=1
/opt/intel/compilers_and_libraries_2020.1.217/linux/bin/intel64/icc  -DCHECK_FUNCTION_EXISTS=pthread_create -rdynamic CMakeFiles/cmTC_11a03.dir/CheckFunctionExists.c.o -o cmTC_11a03  -lpthreads 
/opt/apps/gcc/8.3.0/bin/ld: cannot find -lpthreads
gmake[1]: *** [cmTC_11a03] Error 1
gmake[1]: Leaving directory `/work2/06081/wlruys/frontera/scikit-build-sample-projects/projects/pyrknn/src/pyrknn/kernels/cpu/impl/sparse/build/CMakeFiles/CMakeTmp'
gmake: *** [cmTC_11a03/fast] Error 2



