Determining if the function sgemm_ exists failed with the following output:
Change Dir: /work/06081/wlruys/frontera/test_pyrknn/pyrknn/src/pyrknn/kernels/cpu/impl/sparse/build/CMakeFiles/CMakeTmp

Run Build Command(s):/bin/gmake cmTC_fdd9c/fast && /bin/gmake  -f CMakeFiles/cmTC_fdd9c.dir/build.make CMakeFiles/cmTC_fdd9c.dir/build
gmake[1]: Entering directory `/work2/06081/wlruys/frontera/test_pyrknn/pyrknn/src/pyrknn/kernels/cpu/impl/sparse/build/CMakeFiles/CMakeTmp'
Building C object CMakeFiles/cmTC_fdd9c.dir/CheckFunctionExists.c.o
/opt/intel/compilers_and_libraries_2018.5.274/linux/bin/intel64/icc   -DCHECK_FUNCTION_EXISTS=sgemm_ -o CMakeFiles/cmTC_fdd9c.dir/CheckFunctionExists.c.o -c /scratch1/06081/wlruys/miniconda3/share/cmake-3.19/Modules/CheckFunctionExists.c
Linking C executable cmTC_fdd9c
/scratch1/06081/wlruys/miniconda3/bin/cmake -E cmake_link_script CMakeFiles/cmTC_fdd9c.dir/link.txt --verbose=1
/opt/intel/compilers_and_libraries_2018.5.274/linux/bin/intel64/icc  -DCHECK_FUNCTION_EXISTS=sgemm_ -rdynamic CMakeFiles/cmTC_fdd9c.dir/CheckFunctionExists.c.o -o cmTC_fdd9c 
CMakeFiles/cmTC_fdd9c.dir/CheckFunctionExists.c.o: In function `main':
CheckFunctionExists.c:(.text+0x30): undefined reference to `sgemm_'
gmake[1]: *** [cmTC_fdd9c] Error 1
gmake[1]: Leaving directory `/work2/06081/wlruys/frontera/test_pyrknn/pyrknn/src/pyrknn/kernels/cpu/impl/sparse/build/CMakeFiles/CMakeTmp'
gmake: *** [cmTC_fdd9c/fast] Error 2



Performing C SOURCE FILE Test CMAKE_HAVE_LIBC_PTHREAD failed with the following output:
Change Dir: /work/06081/wlruys/frontera/test_pyrknn/pyrknn/src/pyrknn/kernels/cpu/impl/sparse/build/CMakeFiles/CMakeTmp

Run Build Command(s):/bin/gmake cmTC_1bcae/fast && /bin/gmake  -f CMakeFiles/cmTC_1bcae.dir/build.make CMakeFiles/cmTC_1bcae.dir/build
gmake[1]: Entering directory `/work2/06081/wlruys/frontera/test_pyrknn/pyrknn/src/pyrknn/kernels/cpu/impl/sparse/build/CMakeFiles/CMakeTmp'
Building C object CMakeFiles/cmTC_1bcae.dir/src.c.o
/opt/intel/compilers_and_libraries_2018.5.274/linux/bin/intel64/icc -DCMAKE_HAVE_LIBC_PTHREAD   -o CMakeFiles/cmTC_1bcae.dir/src.c.o -c /work/06081/wlruys/frontera/test_pyrknn/pyrknn/src/pyrknn/kernels/cpu/impl/sparse/build/CMakeFiles/CMakeTmp/src.c
Linking C executable cmTC_1bcae
/scratch1/06081/wlruys/miniconda3/bin/cmake -E cmake_link_script CMakeFiles/cmTC_1bcae.dir/link.txt --verbose=1
/opt/intel/compilers_and_libraries_2018.5.274/linux/bin/intel64/icc -rdynamic CMakeFiles/cmTC_1bcae.dir/src.c.o -o cmTC_1bcae 
CMakeFiles/cmTC_1bcae.dir/src.c.o: In function `main':
src.c:(.text+0x39): undefined reference to `pthread_create'
src.c:(.text+0x42): undefined reference to `pthread_detach'
src.c:(.text+0x4b): undefined reference to `pthread_cancel'
src.c:(.text+0x56): undefined reference to `pthread_join'
src.c:(.text+0x61): undefined reference to `pthread_atfork'
gmake[1]: *** [cmTC_1bcae] Error 1
gmake[1]: Leaving directory `/work2/06081/wlruys/frontera/test_pyrknn/pyrknn/src/pyrknn/kernels/cpu/impl/sparse/build/CMakeFiles/CMakeTmp'
gmake: *** [cmTC_1bcae/fast] Error 2


Source file was:
#include <pthread.h>

static void* test_func(void* data)
{
  return data;
}

int main(void)
{
  pthread_t thread;
  pthread_create(&thread, NULL, test_func, NULL);
  pthread_detach(thread);
  pthread_cancel(thread);
  pthread_join(thread, NULL);
  pthread_atfork(NULL, NULL, NULL);
  pthread_exit(NULL);

  return 0;
}

Determining if the function pthread_create exists in the pthreads failed with the following output:
Change Dir: /work/06081/wlruys/frontera/test_pyrknn/pyrknn/src/pyrknn/kernels/cpu/impl/sparse/build/CMakeFiles/CMakeTmp

Run Build Command(s):/bin/gmake cmTC_9c590/fast && /bin/gmake  -f CMakeFiles/cmTC_9c590.dir/build.make CMakeFiles/cmTC_9c590.dir/build
gmake[1]: Entering directory `/work2/06081/wlruys/frontera/test_pyrknn/pyrknn/src/pyrknn/kernels/cpu/impl/sparse/build/CMakeFiles/CMakeTmp'
Building C object CMakeFiles/cmTC_9c590.dir/CheckFunctionExists.c.o
/opt/intel/compilers_and_libraries_2018.5.274/linux/bin/intel64/icc   -DCHECK_FUNCTION_EXISTS=pthread_create -o CMakeFiles/cmTC_9c590.dir/CheckFunctionExists.c.o -c /scratch1/06081/wlruys/miniconda3/share/cmake-3.19/Modules/CheckFunctionExists.c
Linking C executable cmTC_9c590
/scratch1/06081/wlruys/miniconda3/bin/cmake -E cmake_link_script CMakeFiles/cmTC_9c590.dir/link.txt --verbose=1
/opt/intel/compilers_and_libraries_2018.5.274/linux/bin/intel64/icc  -DCHECK_FUNCTION_EXISTS=pthread_create -rdynamic CMakeFiles/cmTC_9c590.dir/CheckFunctionExists.c.o -o cmTC_9c590  -lpthreads 
/opt/apps/gcc/6.3.0/bin/ld: cannot find -lpthreads
gmake[1]: *** [cmTC_9c590] Error 1
gmake[1]: Leaving directory `/work2/06081/wlruys/frontera/test_pyrknn/pyrknn/src/pyrknn/kernels/cpu/impl/sparse/build/CMakeFiles/CMakeTmp'
gmake: *** [cmTC_9c590/fast] Error 2



